<?xml version="1.0" encoding="UTF-8"?>
<testng-results skipped="0" failed="0" ignored="0" total="4" passed="4">
  <reporter-output>
  </reporter-output>
  <suite name="GoIbibo Application Test Suite" duration-ms="69760" started-at="2020-08-04T14:37:57Z" finished-at="2020-08-04T14:39:07Z">
    <groups>
    </groups>
    <test name="GoIbibo App Test cases" duration-ms="69760" started-at="2020-08-04T14:37:57Z" finished-at="2020-08-04T14:39:07Z">
      <class name="com.goibibo.testcases.ApplicationPageTest">
        <test-method status="PASS" signature="setUp()[pri:0, instance:com.goibibo.testcases.ApplicationPageTest@47c62251]" name="setUp" is-config="true" duration-ms="7733" started-at="2020-08-04T20:07:57Z" finished-at="2020-08-04T20:08:05Z">
          <reporter-output>
          </reporter-output>
        </test-method> <!-- setUp -->
        <test-method status="PASS" signature="validateAppPageAndenterItineraryDetailsTest()[pri:0, instance:com.goibibo.testcases.ApplicationPageTest@47c62251]" name="validateAppPageAndenterItineraryDetailsTest" duration-ms="6831" started-at="2020-08-04T20:08:05Z" finished-at="2020-08-04T20:08:12Z">
          <reporter-output>
          </reporter-output>
        </test-method> <!-- validateAppPageAndenterItineraryDetailsTest -->
        <test-method status="PASS" signature="tearDown()[pri:0, instance:com.goibibo.testcases.ApplicationPageTest@47c62251]" name="tearDown" is-config="true" duration-ms="665" started-at="2020-08-04T20:08:12Z" finished-at="2020-08-04T20:08:12Z">
          <reporter-output>
          </reporter-output>
        </test-method> <!-- tearDown -->
      </class> <!-- com.goibibo.testcases.ApplicationPageTest -->
      <class name="com.goibibo.testcases.SearchResultPageTest">
        <test-method status="PASS" signature="setUp()[pri:0, instance:com.goibibo.testcases.SearchResultPageTest@3e6fa38a]" name="setUp" is-config="true" duration-ms="14056" started-at="2020-08-04T20:08:12Z" finished-at="2020-08-04T20:08:26Z">
          <reporter-output>
          </reporter-output>
        </test-method> <!-- setUp -->
        <test-method status="PASS" signature="selectFlightTest()[pri:0, instance:com.goibibo.testcases.SearchResultPageTest@3e6fa38a]" name="selectFlightTest" duration-ms="1203" started-at="2020-08-04T20:08:26Z" finished-at="2020-08-04T20:08:28Z">
          <reporter-output>
          </reporter-output>
        </test-method> <!-- selectFlightTest -->
        <test-method status="PASS" signature="tearDown()[pri:0, instance:com.goibibo.testcases.SearchResultPageTest@3e6fa38a]" name="tearDown" is-config="true" duration-ms="671" started-at="2020-08-04T20:08:28Z" finished-at="2020-08-04T20:08:28Z">
          <reporter-output>
          </reporter-output>
        </test-method> <!-- tearDown -->
      </class> <!-- com.goibibo.testcases.SearchResultPageTest -->
      <class name="com.goibibo.testcases.BookFlightPageTest">
        <test-method status="PASS" signature="setUp()[pri:0, instance:com.goibibo.testcases.BookFlightPageTest@66a3ffec]" name="setUp" is-config="true" duration-ms="15128" started-at="2020-08-04T20:08:28Z" finished-at="2020-08-04T20:08:43Z">
          <reporter-output>
          </reporter-output>
        </test-method> <!-- setUp -->
        <test-method status="PASS" signature="enterBookingDetails()[pri:0, instance:com.goibibo.testcases.BookFlightPageTest@66a3ffec]" name="enterBookingDetails" duration-ms="1453" started-at="2020-08-04T20:08:43Z" finished-at="2020-08-04T20:08:45Z">
          <reporter-output>
          </reporter-output>
        </test-method> <!-- enterBookingDetails -->
        <test-method status="PASS" signature="tearDown()[pri:0, instance:com.goibibo.testcases.BookFlightPageTest@66a3ffec]" name="tearDown" is-config="true" duration-ms="686" started-at="2020-08-04T20:08:45Z" finished-at="2020-08-04T20:08:45Z">
          <reporter-output>
          </reporter-output>
        </test-method> <!-- tearDown -->
      </class> <!-- com.goibibo.testcases.BookFlightPageTest -->
      <class name="com.goibibo.testcases.PaymentPageTest">
        <test-method status="PASS" signature="setUp()[pri:0, instance:com.goibibo.testcases.PaymentPageTest@77caeb3e]" name="setUp" is-config="true" duration-ms="16728" started-at="2020-08-04T20:08:45Z" finished-at="2020-08-04T20:09:02Z">
          <reporter-output>
          </reporter-output>
        </test-method> <!-- setUp -->
        <test-method status="PASS" signature="chooseWalletTest()[pri:0, instance:com.goibibo.testcases.PaymentPageTest@77caeb3e]" name="chooseWalletTest" duration-ms="3928" started-at="2020-08-04T20:09:02Z" finished-at="2020-08-04T20:09:06Z">
          <reporter-output>
          </reporter-output>
        </test-method> <!-- chooseWalletTest -->
        <test-method status="PASS" signature="tearDown()[pri:0, instance:com.goibibo.testcases.PaymentPageTest@77caeb3e]" name="tearDown" is-config="true" duration-ms="657" started-at="2020-08-04T20:09:06Z" finished-at="2020-08-04T20:09:07Z">
          <reporter-output>
          </reporter-output>
        </test-method> <!-- tearDown -->
      </class> <!-- com.goibibo.testcases.PaymentPageTest -->
    </test> <!-- GoIbibo App Test cases -->
  </suite> <!-- GoIbibo Application Test Suite -->
</testng-results>
