<?xml version="1.0" encoding="UTF-8"?>
<!-- Generated by org.testng.reporters.JUnitXMLReporter -->
<testsuite hostname="LAPTOP-DUCNEVF6" ignored="0" name="GoIbibo App Test cases" tests="4" failures="0" timestamp="05 Aug 2020 12:01:46 GMT" time="0.038" errors="0">
  <testcase name="@BeforeMethod setUp" time="0.005" classname="com.goibibo.testcases.ApplicationPageTest">
    <failure type="java.lang.NullPointerException">
      <![CDATA[java.lang.NullPointerException
	at java.util.Hashtable.put(Hashtable.java:460)
	at java.util.Properties.setProperty(Properties.java:166)
	at java.lang.System.setProperty(System.java:796)
	at com.goibibo.base.BasePage.initialization(BasePage.java:39)
	at com.goibibo.testcases.ApplicationPageTest.setUp(ApplicationPageTest.java:29)
	at java.util.concurrent.FutureTask.run(FutureTask.java:266)
	at java.util.concurrent.ThreadPoolExecutor.runWorker(ThreadPoolExecutor.java:1149)
	at java.util.concurrent.ThreadPoolExecutor$Worker.run(ThreadPoolExecutor.java:624)
	at java.lang.Thread.run(Thread.java:748)
... Removed 18 stack frames]]>
    </failure>
  </testcase> <!-- @BeforeMethod setUp -->
  <testcase name="@BeforeMethod setUp" time="0.0" classname="com.goibibo.testcases.SearchResultPageTest">
    <failure type="java.lang.NullPointerException">
      <![CDATA[java.lang.NullPointerException
	at java.util.Hashtable.put(Hashtable.java:460)
	at java.util.Properties.setProperty(Properties.java:166)
	at java.lang.System.setProperty(System.java:796)
	at com.goibibo.base.BasePage.initialization(BasePage.java:39)
	at com.goibibo.testcases.SearchResultPageTest.setUp(SearchResultPageTest.java:26)
	at java.util.concurrent.FutureTask.run(FutureTask.java:266)
	at java.util.concurrent.ThreadPoolExecutor.runWorker(ThreadPoolExecutor.java:1149)
	at java.util.concurrent.ThreadPoolExecutor$Worker.run(ThreadPoolExecutor.java:624)
	at java.lang.Thread.run(Thread.java:748)
... Removed 18 stack frames]]>
    </failure>
  </testcase> <!-- @BeforeMethod setUp -->
  <testcase name="@BeforeMethod setUp" time="0.0" classname="com.goibibo.testcases.BookFlightPageTest">
    <failure type="java.lang.NullPointerException">
      <![CDATA[java.lang.NullPointerException
	at java.util.Hashtable.put(Hashtable.java:460)
	at java.util.Properties.setProperty(Properties.java:166)
	at java.lang.System.setProperty(System.java:796)
	at com.goibibo.base.BasePage.initialization(BasePage.java:39)
	at com.goibibo.testcases.BookFlightPageTest.setUp(BookFlightPageTest.java:28)
	at java.util.concurrent.FutureTask.run(FutureTask.java:266)
	at java.util.concurrent.ThreadPoolExecutor.runWorker(ThreadPoolExecutor.java:1149)
	at java.util.concurrent.ThreadPoolExecutor$Worker.run(ThreadPoolExecutor.java:624)
	at java.lang.Thread.run(Thread.java:748)
... Removed 18 stack frames]]>
    </failure>
  </testcase> <!-- @BeforeMethod setUp -->
  <testcase name="@BeforeMethod setUp" time="0.001" classname="com.goibibo.testcases.PaymentPageTest">
    <failure type="java.lang.NullPointerException">
      <![CDATA[java.lang.NullPointerException
	at java.util.Hashtable.put(Hashtable.java:460)
	at java.util.Properties.setProperty(Properties.java:166)
	at java.lang.System.setProperty(System.java:796)
	at com.goibibo.base.BasePage.initialization(BasePage.java:39)
	at com.goibibo.testcases.PaymentPageTest.setUp(PaymentPageTest.java:27)
	at java.util.concurrent.FutureTask.run(FutureTask.java:266)
	at java.util.concurrent.ThreadPoolExecutor.runWorker(ThreadPoolExecutor.java:1149)
	at java.util.concurrent.ThreadPoolExecutor$Worker.run(ThreadPoolExecutor.java:624)
	at java.lang.Thread.run(Thread.java:748)
... Removed 18 stack frames]]>
    </failure>
  </testcase> <!-- @BeforeMethod setUp -->
  <testcase name="validateAppPageAndenterItineraryDetailsTest" time="0.001" classname="com.goibibo.testcases.ApplicationPageTest">
    <skipped/>
  </testcase> <!-- validateAppPageAndenterItineraryDetailsTest -->
  <testcase name="selectFlightTest" time="0.0" classname="com.goibibo.testcases.SearchResultPageTest">
    <skipped/>
  </testcase> <!-- selectFlightTest -->
  <testcase name="enterBookingDetails" time="0.0" classname="com.goibibo.testcases.BookFlightPageTest">
    <skipped/>
  </testcase> <!-- enterBookingDetails -->
  <testcase name="chooseWalletTest" time="0.0" classname="com.goibibo.testcases.PaymentPageTest">
    <skipped/>
  </testcase> <!-- chooseWalletTest -->
</testsuite> <!-- GoIbibo App Test cases -->
