<?xml version="1.0" encoding="UTF-8"?>
<!-- Generated by org.testng.reporters.JUnitXMLReporter -->
<testsuite hostname="LAPTOP-DUCNEVF6" ignored="0" name="GoIbibo App Test cases" tests="4" failures="0" timestamp="04 Aug 2020 14:39:07 GMT" time="69.76" errors="0">
  <testcase name="validateAppPageAndenterItineraryDetailsTest" time="6.831" classname="com.goibibo.testcases.ApplicationPageTest"/>
  <testcase name="selectFlightTest" time="1.203" classname="com.goibibo.testcases.SearchResultPageTest"/>
  <testcase name="enterBookingDetails" time="1.453" classname="com.goibibo.testcases.BookFlightPageTest"/>
  <testcase name="chooseWalletTest" time="3.928" classname="com.goibibo.testcases.PaymentPageTest"/>
</testsuite> <!-- GoIbibo App Test cases -->
